This file contains any messages produced by compilers while
running configure, to aid debugging if configure makes a mistake.

It was created by osmo-msc configure 1.11.1-dirty, which was
generated by GNU Autoconf 2.69.  Invocation command line was

  $ ./configure --enable-iu --enable-smpp

## --------- ##
## Platform. ##
## --------- ##

hostname = cellz
uname -m = x86_64
uname -r = 5.15.0-107-generic
uname -s = Linux
uname -v = #117~20.04.1-Ubuntu SMP Tue Apr 30 10:35:57 UTC 2024

/usr/bin/uname -p = x86_64
/bin/uname -X     = unknown

/bin/arch              = x86_64
/usr/bin/arch -k       = unknown
/usr/convex/getsysinfo = unknown
/usr/bin/hostinfo      = unknown
/bin/machine           = unknown
/usr/bin/oslevel       = unknown
/bin/universe          = unknown

PATH: /usr/local/sbin
PATH: /usr/local/bin
PATH: /usr/sbin
PATH: /usr/bin
PATH: /sbin
PATH: /bin
PATH: /usr/games
PATH: /usr/local/games
PATH: /snap/bin


## ----------- ##
## Core tests. ##
## ----------- ##

configure:2357: checking for a BSD-compatible install
configure:2425: result: /usr/bin/install -c
configure:2436: checking whether build environment is sane
configure:2491: result: yes
configure:2640: checking for a thread-safe mkdir -p
configure:2679: result: /usr/bin/mkdir -p
configure:2686: checking for gawk
configure:2716: result: no
configure:2686: checking for mawk
configure:2702: found /usr/bin/mawk
configure:2713: result: mawk
configure:2724: checking whether make sets $(MAKE)
configure:2746: result: yes
configure:2775: checking whether make supports nested variables
configure:2792: result: yes
configure:2934: checking whether make supports nested variables
configure:2951: result: yes
configure:2966: checking whether make sets $(MAKE)
configure:2988: result: yes
configure:3045: checking for gcc
configure:3061: found /usr/bin/gcc
configure:3072: result: gcc
configure:3301: checking for C compiler version
configure:3310: gcc --version >&5
gcc (Ubuntu 9.4.0-1ubuntu1~20.04.2) 9.4.0
Copyright (C) 2019 Free Software Foundation, Inc.
This is free software; see the source for copying conditions.  There is NO
warranty; not even for MERCHANTABILITY or FITNESS FOR A PARTICULAR PURPOSE.

configure:3321: $? = 0
configure:3310: gcc -v >&5
Using built-in specs.
COLLECT_GCC=gcc
COLLECT_LTO_WRAPPER=/usr/lib/gcc/x86_64-linux-gnu/9/lto-wrapper
OFFLOAD_TARGET_NAMES=nvptx-none:hsa
OFFLOAD_TARGET_DEFAULT=1
Target: x86_64-linux-gnu
Configured with: ../src/configure -v --with-pkgversion='Ubuntu 9.4.0-1ubuntu1~20.04.2' --with-bugurl=file:///usr/share/doc/gcc-9/README.Bugs --enable-languages=c,ada,c++,go,brig,d,fortran,objc,obj-c++,gm2 --prefix=/usr --with-gcc-major-version-only --program-suffix=-9 --program-prefix=x86_64-linux-gnu- --enable-shared --enable-linker-build-id --libexecdir=/usr/lib --without-included-gettext --enable-threads=posix --libdir=/usr/lib --enable-nls --enable-clocale=gnu --enable-libstdcxx-debug --enable-libstdcxx-time=yes --with-default-libstdcxx-abi=new --enable-gnu-unique-object --disable-vtable-verify --enable-plugin --enable-default-pie --with-system-zlib --with-target-system-zlib=auto --enable-objc-gc=auto --enable-multiarch --disable-werror --with-arch-32=i686 --with-abi=m64 --with-multilib-list=m32,m64,mx32 --enable-multilib --with-tune=generic --enable-offload-targets=nvptx-none=/build/gcc-9-9QDOt0/gcc-9-9.4.0/debian/tmp-nvptx/usr,hsa --without-cuda-driver --enable-checking=release --build=x86_64-linux-gnu --host=x86_64-linux-gnu --target=x86_64-linux-gnu
Thread model: posix
gcc version 9.4.0 (Ubuntu 9.4.0-1ubuntu1~20.04.2) 
configure:3321: $? = 0
configure:3310: gcc -V >&5
gcc: error: unrecognized command line option '-V'
gcc: fatal error: no input files
compilation terminated.
configure:3321: $? = 1
configure:3310: gcc -qversion >&5
gcc: error: unrecognized command line option '-qversion'; did you mean '--version'?
gcc: fatal error: no input files
compilation terminated.
configure:3321: $? = 1
configure:3341: checking whether the C compiler works
configure:3363: gcc  -std=gnu11   conftest.c  >&5
configure:3367: $? = 0
configure:3415: result: yes
configure:3418: checking for C compiler default output file name
configure:3420: result: a.out
configure:3426: checking for suffix of executables
configure:3433: gcc -o conftest  -std=gnu11   conftest.c  >&5
configure:3437: $? = 0
configure:3459: result: 
configure:3481: checking whether we are cross compiling
configure:3489: gcc -o conftest  -std=gnu11   conftest.c  >&5
configure:3493: $? = 0
configure:3500: ./conftest
configure:3504: $? = 0
configure:3492: result: no
configure:3497: checking for suffix of object files
configure:3519: gcc -c  -std=gnu11  conftest.c >&5
configure:3523: $? = 0
configure:3544: result: o
configure:3548: checking whether we are using the GNU C compiler
configure:3567: gcc -c  -std=gnu11  conftest.c >&5
configure:3567: $? = 0
configure:3576: result: yes
configure:3585: checking whether gcc accepts -g
configure:3605: gcc -c -g  conftest.c >&5
configure:3605: $? = 0
configure:3646: result: yes
configure:3663: checking for gcc option to accept ISO C89
configure:3726: gcc  -c  -std=gnu11  conftest.c >&5
configure:3726: $? = 0
configure:3739: result: none needed
configure:3764: checking whether gcc understands -c and -o together
configure:3786: gcc -c conftest.c -o conftest2.o
configure:3789: $? = 0
configure:3786: gcc -c conftest.c -o conftest2.o
configure:3789: $? = 0
configure:3801: result: yes
configure:3821: checking whether make supports the include directive
configure:3836: make -f confmf.GNU && cat confinc.out
this is the am__doit target
configure:3839: $? = 0
configure:3858: result: yes (GNU style)
configure:3883: checking dependency style of gcc
configure:3994: result: gcc3
configure:4039: checking build system type
configure:4053: result: x86_64-pc-linux-gnu
configure:4073: checking host system type
configure:4086: result: x86_64-pc-linux-gnu
configure:4127: checking how to print strings
configure:4154: result: printf
configure:4175: checking for a sed that does not truncate output
configure:4239: result: /usr/bin/sed
configure:4257: checking for grep that handles long lines and -e
configure:4315: result: /usr/bin/grep
configure:4320: checking for egrep
configure:4382: result: /usr/bin/grep -E
configure:4387: checking for fgrep
configure:4449: result: /usr/bin/grep -F
configure:4484: checking for ld used by gcc
configure:4551: result: /usr/bin/ld
configure:4558: checking if the linker (/usr/bin/ld) is GNU ld
configure:4573: result: yes
configure:4585: checking for BSD- or MS-compatible name lister (nm)
configure:4639: result: /usr/bin/nm -B
configure:4769: checking the name lister (/usr/bin/nm -B) interface
configure:4776: gcc -c  -std=gnu11  conftest.c >&5
configure:4779: /usr/bin/nm -B "conftest.o"
configure:4782: output
0000000000000000 B some_variable
configure:4783: result: BSD nm
configure:4786: checking whether ln -s works
configure:4790: result: yes
configure:4798: checking the maximum length of command line arguments
configure:4929: result: 1572864
configure:4977: checking how to convert x86_64-pc-linux-gnu file names to x86_64-pc-linux-gnu format
configure:5017: result: func_convert_file_noop
configure:5024: checking how to convert x86_64-pc-linux-gnu file names to toolchain format
configure:5044: result: func_convert_file_noop
configure:5051: checking for /usr/bin/ld option to reload object files
configure:5058: result: -r
configure:5132: checking for objdump
configure:5148: found /usr/bin/objdump
configure:5159: result: objdump
configure:5191: checking how to recognize dependent libraries
configure:5391: result: pass_all
configure:5476: checking for dlltool
configure:5506: result: no
configure:5536: checking how to associate runtime and link libraries
configure:5563: result: printf %s\n
configure:5624: checking for ar
configure:5640: found /usr/bin/ar
configure:5651: result: ar
configure:5688: checking for archiver @FILE support
configure:5705: gcc -c  -std=gnu11  conftest.c >&5
configure:5705: $? = 0
configure:5708: ar cr libconftest.a @conftest.lst >&5
configure:5711: $? = 0
configure:5716: ar cr libconftest.a @conftest.lst >&5
ar: conftest.o: No such file or directory
configure:5719: $? = 1
configure:5718: result: @
configure:5776: checking for strip
configure:5792: found /usr/bin/strip
configure:5803: result: strip
configure:5875: checking for ranlib
configure:5891: found /usr/bin/ranlib
configure:5902: result: ranlib
configure:6004: checking command to parse /usr/bin/nm -B output from gcc object
configure:6157: gcc -c  -std=gnu11  conftest.c >&5
configure:6160: $? = 0
configure:6164: /usr/bin/nm -B conftest.o | sed -n -e 's/^.*[	 ]\([ABCDGIRSTW][ABCDGIRSTW]*\)[	 ][	 ]*\([_A-Za-z][_A-Za-z0-9]*\)$/\1 \2 \2/p' | sed '/ __gnu_lto/d' > conftest.nm
configure:6230: gcc -o conftest  -std=gnu11   conftest.c conftstm.o >&5
configure:6233: $? = 0
configure:6271: result: ok
configure:6318: checking for sysroot
configure:6348: result: no
configure:6355: checking for a working dd
configure:6393: result: /usr/bin/dd
configure:6397: checking how to truncate binary pipes
configure:6412: result: /usr/bin/dd bs=4096 count=1
configure:6548: gcc -c  -std=gnu11  conftest.c >&5
configure:6551: $? = 0
configure:6741: checking for mt
configure:6757: found /usr/bin/mt
configure:6768: result: mt
configure:6791: checking if mt is a manifest tool
configure:6797: mt '-?'
configure:6805: result: no
configure:7482: checking how to run the C preprocessor
configure:7513: gcc -E  conftest.c
configure:7513: $? = 0
configure:7527: gcc -E  conftest.c
conftest.c:11:10: fatal error: ac_nonexistent.h: No such file or directory
   11 | #include <ac_nonexistent.h>
      |          ^~~~~~~~~~~~~~~~~~
compilation terminated.
configure:7527: $? = 1
configure: failed program was:
| /* confdefs.h */
| #define PACKAGE_NAME "osmo-msc"
| #define PACKAGE_TARNAME "osmo-msc"
| #define PACKAGE_VERSION "1.11.1-dirty"
| #define PACKAGE_STRING "osmo-msc 1.11.1-dirty"
| #define PACKAGE_BUGREPORT "openbsc@lists.osmocom.org"
| #define PACKAGE_URL ""
| #define PACKAGE "osmo-msc"
| #define VERSION "1.11.1-dirty"
| /* end confdefs.h.  */
| #include <ac_nonexistent.h>
configure:7552: result: gcc -E
configure:7572: gcc -E  conftest.c
configure:7572: $? = 0
configure:7586: gcc -E  conftest.c
conftest.c:11:10: fatal error: ac_nonexistent.h: No such file or directory
   11 | #include <ac_nonexistent.h>
      |          ^~~~~~~~~~~~~~~~~~
compilation terminated.
configure:7586: $? = 1
configure: failed program was:
| /* confdefs.h */
| #define PACKAGE_NAME "osmo-msc"
| #define PACKAGE_TARNAME "osmo-msc"
| #define PACKAGE_VERSION "1.11.1-dirty"
| #define PACKAGE_STRING "osmo-msc 1.11.1-dirty"
| #define PACKAGE_BUGREPORT "openbsc@lists.osmocom.org"
| #define PACKAGE_URL ""
| #define PACKAGE "osmo-msc"
| #define VERSION "1.11.1-dirty"
| /* end confdefs.h.  */
| #include <ac_nonexistent.h>
configure:7615: checking for ANSI C header files
configure:7635: gcc -c  -std=gnu11  conftest.c >&5
configure:7635: $? = 0
configure:7708: gcc -o conftest  -std=gnu11   conftest.c  >&5
configure:7708: $? = 0
configure:7708: ./conftest
configure:7708: $? = 0
configure:7719: result: yes
configure:7732: checking for sys/types.h
configure:7732: gcc -c  -std=gnu11  conftest.c >&5
configure:7732: $? = 0
configure:7732: result: yes
configure:7732: checking for sys/stat.h
configure:7732: gcc -c  -std=gnu11  conftest.c >&5
configure:7732: $? = 0
configure:7732: result: yes
configure:7732: checking for stdlib.h
configure:7732: gcc -c  -std=gnu11  conftest.c >&5
configure:7732: $? = 0
configure:7732: result: yes
configure:7732: checking for string.h
configure:7732: gcc -c  -std=gnu11  conftest.c >&5
configure:7732: $? = 0
configure:7732: result: yes
configure:7732: checking for memory.h
configure:7732: gcc -c  -std=gnu11  conftest.c >&5
configure:7732: $? = 0
configure:7732: result: yes
configure:7732: checking for strings.h
configure:7732: gcc -c  -std=gnu11  conftest.c >&5
configure:7732: $? = 0
configure:7732: result: yes
configure:7732: checking for inttypes.h
configure:7732: gcc -c  -std=gnu11  conftest.c >&5
configure:7732: $? = 0
configure:7732: result: yes
configure:7732: checking for stdint.h
configure:7732: gcc -c  -std=gnu11  conftest.c >&5
configure:7732: $? = 0
configure:7732: result: yes
configure:7732: checking for unistd.h
configure:7732: gcc -c  -std=gnu11  conftest.c >&5
configure:7732: $? = 0
configure:7732: result: yes
configure:7746: checking for dlfcn.h
configure:7746: gcc -c  -std=gnu11  conftest.c >&5
configure:7746: $? = 0
configure:7746: result: yes
configure:8002: checking for objdir
configure:8017: result: .libs
configure:8281: checking if gcc supports -fno-rtti -fno-exceptions
configure:8299: gcc -c  -std=gnu11  -fno-rtti -fno-exceptions conftest.c >&5
cc1: warning: command line option '-fno-rtti' is valid for C++/D/ObjC++ but not for C
configure:8303: $? = 0
configure:8316: result: no
configure:8680: checking for gcc option to produce PIC
configure:8687: result: -fPIC -DPIC
configure:8695: checking if gcc PIC flag -fPIC -DPIC works
configure:8713: gcc -c  -std=gnu11  -fPIC -DPIC -DPIC conftest.c >&5
configure:8717: $? = 0
configure:8730: result: yes
configure:8759: checking if gcc static flag -static works
configure:8787: result: yes
configure:8802: checking if gcc supports -c -o file.o
configure:8823: gcc -c  -std=gnu11  -o out/conftest2.o conftest.c >&5
configure:8827: $? = 0
configure:8849: result: yes
configure:8857: checking if gcc supports -c -o file.o
configure:8904: result: yes
configure:8937: checking whether the gcc linker (/usr/bin/ld -m elf_x86_64) supports shared libraries
configure:10200: result: yes
configure:10237: checking whether -lc should be explicitly linked in
configure:10245: gcc -c  -std=gnu11  conftest.c >&5
configure:10248: $? = 0
configure:10263: gcc -shared  -fPIC -DPIC conftest.o  -v -Wl,-soname -Wl,conftest -o conftest 2\>\&1 \| /usr/bin/grep  -lc  \>/dev/null 2\>\&1
configure:10266: $? = 0
configure:10280: result: no
configure:10440: checking dynamic linker characteristics
configure:11021: gcc -o conftest  -std=gnu11   -Wl,-rpath -Wl,/foo conftest.c  >&5
configure:11021: $? = 0
configure:11270: result: GNU/Linux ld.so
configure:11392: checking how to hardcode library paths into programs
configure:11417: result: immediate
configure:11965: checking whether stripping libraries is possible
configure:11970: result: yes
configure:12005: checking if libtool supports shared libraries
configure:12007: result: yes
configure:12010: checking whether to build shared libraries
configure:12035: result: yes
configure:12038: checking whether to build static libraries
configure:12042: result: yes
configure:8870: checking for pkg-config
configure:8888: found /usr/bin/pkg-config
configure:8901: result: /usr/bin/pkg-config
configure:8967: checking for pkg-config
configure:8985: found /usr/bin/pkg-config
configure:8997: result: /usr/bin/pkg-config
configure:9022: checking pkg-config is at least version 0.20
configure:9025: result: yes
configure:9036: checking for LIBSQLITE3
configure:9043: $PKG_CONFIG --exists --print-errors "sqlite3"
configure:9046: $? = 0
configure:9060: $PKG_CONFIG --exists --print-errors "sqlite3"
configure:9063: $? = 0
configure:9121: result: yes
configure:9127: checking for LIBOSMOCORE
configure:9134: $PKG_CONFIG --exists --print-errors "libosmocore >= 1.9.0"
configure:9137: $? = 0
configure:9151: $PKG_CONFIG --exists --print-errors "libosmocore >= 1.9.0"
configure:9154: $? = 0
configure:9212: result: yes
configure:9218: checking for LIBOSMOVTY
configure:9225: $PKG_CONFIG --exists --print-errors "libosmovty >= 1.9.0"
configure:9228: $? = 0
configure:9242: $PKG_CONFIG --exists --print-errors "libosmovty >= 1.9.0"
configure:9245: $? = 0
configure:9303: result: yes
configure:9309: checking for LIBOSMOCTRL
configure:9316: $PKG_CONFIG --exists --print-errors "libosmoctrl >= 1.9.0"
configure:9319: $? = 0
configure:9333: $PKG_CONFIG --exists --print-errors "libosmoctrl >= 1.9.0"
configure:9336: $? = 0
configure:9394: result: yes
configure:9400: checking for LIBOSMOGSM
configure:9407: $PKG_CONFIG --exists --print-errors "libosmogsm >= 1.9.0"
configure:9410: $? = 0
configure:9424: $PKG_CONFIG --exists --print-errors "libosmogsm >= 1.9.0"
configure:9427: $? = 0
configure:9485: result: yes
configure:9491: checking for LIBOSMOABIS
configure:9498: $PKG_CONFIG --exists --print-errors "libosmoabis >= 1.5.0"
configure:9501: $? = 0
configure:9515: $PKG_CONFIG --exists --print-errors "libosmoabis >= 1.5.0"
configure:9518: $? = 0
configure:9576: result: yes
configure:9582: checking for LIBOSMONETIF
configure:9589: $PKG_CONFIG --exists --print-errors "libosmo-netif >= 1.4.0"
configure:9592: $? = 0
configure:9606: $PKG_CONFIG --exists --print-errors "libosmo-netif >= 1.4.0"
configure:9609: $? = 0
configure:9667: result: yes
configure:9673: checking for LIBOSMOSIGTRAN
configure:9680: $PKG_CONFIG --exists --print-errors "libosmo-sigtran >= 1.8.0"
configure:9683: $? = 0
configure:9697: $PKG_CONFIG --exists --print-errors "libosmo-sigtran >= 1.8.0"
configure:9700: $? = 0
configure:9758: result: yes
configure:9764: checking for LIBOSMOSCCP
configure:9771: $PKG_CONFIG --exists --print-errors "libosmo-sccp >= 1.8.0"
configure:9774: $? = 0
configure:9788: $PKG_CONFIG --exists --print-errors "libosmo-sccp >= 1.8.0"
configure:9791: $? = 0
configure:9849: result: yes
configure:9855: checking for LIBOSMOMGCPCLIENT
configure:9862: $PKG_CONFIG --exists --print-errors "libosmo-mgcp-client >= 1.12.0"
configure:9865: $? = 0
configure:9879: $PKG_CONFIG --exists --print-errors "libosmo-mgcp-client >= 1.12.0"
configure:9882: $? = 0
configure:9940: result: yes
configure:9946: checking for LIBOSMOGSUPCLIENT
configure:9953: $PKG_CONFIG --exists --print-errors "libosmo-gsup-client >= 1.7.0"
configure:9956: $? = 0
configure:9970: $PKG_CONFIG --exists --print-errors "libosmo-gsup-client >= 1.7.0"
configure:9973: $? = 0
configure:10031: result: yes
configure:10036: checking for timegm
configure:10036: gcc -o conftest  -std=gnu11   conftest.c  >&5
configure:10036: $? = 0
configure:10036: result: yes
configure:10045: checking for library containing sctp_send
configure:10076: gcc -o conftest  -std=gnu11   conftest.c  >&5
/usr/bin/ld: /tmp/cc7Wtsgb.o: in function `main':
conftest.c:(.text+0xe): undefined reference to `sctp_send'
collect2: error: ld returned 1 exit status
configure:10076: $? = 1
configure: failed program was:
| /* confdefs.h */
| #define PACKAGE_NAME "osmo-msc"
| #define PACKAGE_TARNAME "osmo-msc"
| #define PACKAGE_VERSION "1.11.1-dirty"
| #define PACKAGE_STRING "osmo-msc 1.11.1-dirty"
| #define PACKAGE_BUGREPORT "openbsc@lists.osmocom.org"
| #define PACKAGE_URL ""
| #define PACKAGE "osmo-msc"
| #define VERSION "1.11.1-dirty"
| #define STDC_HEADERS 1
| #define HAVE_SYS_TYPES_H 1
| #define HAVE_SYS_STAT_H 1
| #define HAVE_STDLIB_H 1
| #define HAVE_STRING_H 1
| #define HAVE_MEMORY_H 1
| #define HAVE_STRINGS_H 1
| #define HAVE_INTTYPES_H 1
| #define HAVE_STDINT_H 1
| #define HAVE_UNISTD_H 1
| #define HAVE_DLFCN_H 1
| #define LT_OBJDIR ".libs/"
| #define HAVE_TIMEGM 1
| /* end confdefs.h.  */
| 
| /* Override any GCC internal prototype to avoid an error.
|    Use char because int might match the return type of a GCC
|    builtin and then its argument prototype would still apply.  */
| #ifdef __cplusplus
| extern "C"
| #endif
| char sctp_send ();
| int
| main ()
| {
| return sctp_send ();
|   ;
|   return 0;
| }
configure:10076: gcc -o conftest  -std=gnu11   conftest.c -lsctp   >&5
configure:10076: $? = 0
configure:10093: result: -lsctp
configure:10156: checking for LIBSMPP34
configure:10163: $PKG_CONFIG --exists --print-errors "libsmpp34 >= 1.14.0"
configure:10166: $? = 0
configure:10180: $PKG_CONFIG --exists --print-errors "libsmpp34 >= 1.14.0"
configure:10183: $? = 0
configure:10241: result: yes
configure:10270: checking for LIBASN1C
configure:10277: $PKG_CONFIG --exists --print-errors "libasn1c >= 0.9.30"
configure:10280: $? = 0
configure:10294: $PKG_CONFIG --exists --print-errors "libasn1c >= 0.9.30"
configure:10297: $? = 0
configure:10355: result: yes
configure:10361: checking for LIBOSMORANAP
configure:10368: $PKG_CONFIG --exists --print-errors "libosmo-ranap >= 1.5.0"
configure:10371: $? = 0
configure:10385: $PKG_CONFIG --exists --print-errors "libosmo-ranap >= 1.5.0"
configure:10388: $? = 0
configure:10446: result: yes
configure:10465: checking whether to enable code coverage support
configure:10474: result: no
configure:10486: checking whether struct tm has tm_gmtoff member
configure:10510: gcc -o conftest  -std=gnu11   conftest.c  >&5
configure:10510: $? = 0
configure:10520: result: yes
configure:10785: checking whether to enable VTY/CTRL tests
configure:10787: result: no
configure:10882: result: CFLAGS=" -std=gnu11"
configure:10884: result: CPPFLAGS=""
configure:10992: checking that generated files are newer than configure
configure:10998: result: done
configure:11041: creating ./config.status

## ---------------------- ##
## Running config.status. ##
## ---------------------- ##

This file was extended by osmo-msc config.status 1.11.1-dirty, which was
generated by GNU Autoconf 2.69.  Invocation command line was

  CONFIG_FILES    = 
  CONFIG_HEADERS  = 
  CONFIG_LINKS    = 
  CONFIG_COMMANDS = 
  $ ./config.status 

on cellz

config.status:1174: creating include/Makefile
config.status:1174: creating include/osmocom/Makefile
config.status:1174: creating include/osmocom/msc/Makefile
config.status:1174: creating include/osmocom/smpp/Makefile
config.status:1174: creating src/Makefile
config.status:1174: creating src/libmsc/Makefile
config.status:1174: creating src/libvlr/Makefile
config.status:1174: creating src/libsmpputil/Makefile
config.status:1174: creating src/osmo-msc/Makefile
config.status:1174: creating src/utils/Makefile
config.status:1174: creating tests/Makefile
config.status:1174: creating tests/atlocal
config.status:1174: creating tests/smpp/Makefile
config.status:1174: creating tests/db_sms/Makefile
config.status:1174: creating tests/sms_queue/Makefile
config.status:1174: creating tests/msc_vlr/Makefile
config.status:1174: creating tests/sdp_msg/Makefile
config.status:1174: creating tests/mncc/Makefile
config.status:1174: creating tests/csd/Makefile
config.status:1174: creating doc/Makefile
config.status:1174: creating doc/examples/Makefile
config.status:1174: creating doc/manuals/Makefile
config.status:1174: creating doc/sequence_charts/Makefile
config.status:1174: creating contrib/Makefile
config.status:1174: creating contrib/systemd/Makefile
config.status:1174: creating contrib/osmo-msc.spec
config.status:1174: creating Makefile
config.status:1174: creating config.h
config.status:1355: config.h is unchanged
config.status:1403: executing tests/atconfig commands
config.status:1403: executing depfiles commands
config.status:1503: cd src/libmsc       && sed -e '/# am--include-marker/d' Makefile         | make -f - am--depfiles
make: Nothing to be done for 'am--depfiles'.
config.status:1508: $? = 0
config.status:1503: cd src/libvlr       && sed -e '/# am--include-marker/d' Makefile         | make -f - am--depfiles
make: Nothing to be done for 'am--depfiles'.
config.status:1508: $? = 0
config.status:1503: cd src/libsmpputil       && sed -e '/# am--include-marker/d' Makefile         | make -f - am--depfiles
make: Nothing to be done for 'am--depfiles'.
config.status:1508: $? = 0
config.status:1503: cd src/osmo-msc       && sed -e '/# am--include-marker/d' Makefile         | make -f - am--depfiles
make: Nothing to be done for 'am--depfiles'.
config.status:1508: $? = 0
config.status:1503: cd src/utils       && sed -e '/# am--include-marker/d' Makefile         | make -f - am--depfiles
make: Nothing to be done for 'am--depfiles'.
config.status:1508: $? = 0
config.status:1503: cd tests/smpp       && sed -e '/# am--include-marker/d' Makefile         | make -f - am--depfiles
make: Nothing to be done for 'am--depfiles'.
config.status:1508: $? = 0
config.status:1503: cd tests/db_sms       && sed -e '/# am--include-marker/d' Makefile         | make -f - am--depfiles
make: Nothing to be done for 'am--depfiles'.
config.status:1508: $? = 0
config.status:1503: cd tests/sms_queue       && sed -e '/# am--include-marker/d' Makefile         | make -f - am--depfiles
make: Nothing to be done for 'am--depfiles'.
config.status:1508: $? = 0
config.status:1503: cd tests/msc_vlr       && sed -e '/# am--include-marker/d' Makefile         | make -f - am--depfiles
make: Nothing to be done for 'am--depfiles'.
config.status:1508: $? = 0
config.status:1503: cd tests/sdp_msg       && sed -e '/# am--include-marker/d' Makefile         | make -f - am--depfiles
make: Nothing to be done for 'am--depfiles'.
config.status:1508: $? = 0
config.status:1503: cd tests/mncc       && sed -e '/# am--include-marker/d' Makefile         | make -f - am--depfiles
make: Nothing to be done for 'am--depfiles'.
config.status:1508: $? = 0
config.status:1503: cd tests/csd       && sed -e '/# am--include-marker/d' Makefile         | make -f - am--depfiles
make: Nothing to be done for 'am--depfiles'.
config.status:1508: $? = 0
config.status:1403: executing libtool commands

## ---------------- ##
## Cache variables. ##
## ---------------- ##

ac_cv_build=x86_64-pc-linux-gnu
ac_cv_c_compiler_gnu=yes
ac_cv_env_CC_set=
ac_cv_env_CC_value=
ac_cv_env_CFLAGS_set=
ac_cv_env_CFLAGS_value=
ac_cv_env_CPPFLAGS_set=
ac_cv_env_CPPFLAGS_value=
ac_cv_env_CPP_set=
ac_cv_env_CPP_value=
ac_cv_env_LDFLAGS_set=
ac_cv_env_LDFLAGS_value=
ac_cv_env_LIBASN1C_CFLAGS_set=
ac_cv_env_LIBASN1C_CFLAGS_value=
ac_cv_env_LIBASN1C_LIBS_set=
ac_cv_env_LIBASN1C_LIBS_value=
ac_cv_env_LIBOSMOABIS_CFLAGS_set=
ac_cv_env_LIBOSMOABIS_CFLAGS_value=
ac_cv_env_LIBOSMOABIS_LIBS_set=
ac_cv_env_LIBOSMOABIS_LIBS_value=
ac_cv_env_LIBOSMOCORE_CFLAGS_set=
ac_cv_env_LIBOSMOCORE_CFLAGS_value=
ac_cv_env_LIBOSMOCORE_LIBS_set=
ac_cv_env_LIBOSMOCORE_LIBS_value=
ac_cv_env_LIBOSMOCTRL_CFLAGS_set=
ac_cv_env_LIBOSMOCTRL_CFLAGS_value=
ac_cv_env_LIBOSMOCTRL_LIBS_set=
ac_cv_env_LIBOSMOCTRL_LIBS_value=
ac_cv_env_LIBOSMOGSM_CFLAGS_set=
ac_cv_env_LIBOSMOGSM_CFLAGS_value=
ac_cv_env_LIBOSMOGSM_LIBS_set=
ac_cv_env_LIBOSMOGSM_LIBS_value=
ac_cv_env_LIBOSMOGSUPCLIENT_CFLAGS_set=
ac_cv_env_LIBOSMOGSUPCLIENT_CFLAGS_value=
ac_cv_env_LIBOSMOGSUPCLIENT_LIBS_set=
ac_cv_env_LIBOSMOGSUPCLIENT_LIBS_value=
ac_cv_env_LIBOSMOMGCPCLIENT_CFLAGS_set=
ac_cv_env_LIBOSMOMGCPCLIENT_CFLAGS_value=
ac_cv_env_LIBOSMOMGCPCLIENT_LIBS_set=
ac_cv_env_LIBOSMOMGCPCLIENT_LIBS_value=
ac_cv_env_LIBOSMONETIF_CFLAGS_set=
ac_cv_env_LIBOSMONETIF_CFLAGS_value=
ac_cv_env_LIBOSMONETIF_LIBS_set=
ac_cv_env_LIBOSMONETIF_LIBS_value=
ac_cv_env_LIBOSMORANAP_CFLAGS_set=
ac_cv_env_LIBOSMORANAP_CFLAGS_value=
ac_cv_env_LIBOSMORANAP_LIBS_set=
ac_cv_env_LIBOSMORANAP_LIBS_value=
ac_cv_env_LIBOSMOSCCP_CFLAGS_set=
ac_cv_env_LIBOSMOSCCP_CFLAGS_value=
ac_cv_env_LIBOSMOSCCP_LIBS_set=
ac_cv_env_LIBOSMOSCCP_LIBS_value=
ac_cv_env_LIBOSMOSIGTRAN_CFLAGS_set=
ac_cv_env_LIBOSMOSIGTRAN_CFLAGS_value=
ac_cv_env_LIBOSMOSIGTRAN_LIBS_set=
ac_cv_env_LIBOSMOSIGTRAN_LIBS_value=
ac_cv_env_LIBOSMOVTY_CFLAGS_set=
ac_cv_env_LIBOSMOVTY_CFLAGS_value=
ac_cv_env_LIBOSMOVTY_LIBS_set=
ac_cv_env_LIBOSMOVTY_LIBS_value=
ac_cv_env_LIBSMPP34_CFLAGS_set=
ac_cv_env_LIBSMPP34_CFLAGS_value=
ac_cv_env_LIBSMPP34_LIBS_set=
ac_cv_env_LIBSMPP34_LIBS_value=
ac_cv_env_LIBSQLITE3_CFLAGS_set=
ac_cv_env_LIBSQLITE3_CFLAGS_value=
ac_cv_env_LIBSQLITE3_LIBS_set=
ac_cv_env_LIBSQLITE3_LIBS_value=
ac_cv_env_LIBS_set=
ac_cv_env_LIBS_value=
ac_cv_env_LT_SYS_LIBRARY_PATH_set=
ac_cv_env_LT_SYS_LIBRARY_PATH_value=
ac_cv_env_OSMO_GSM_MANUALS_DIR_set=
ac_cv_env_OSMO_GSM_MANUALS_DIR_value=
ac_cv_env_PKG_CONFIG_LIBDIR_set=
ac_cv_env_PKG_CONFIG_LIBDIR_value=
ac_cv_env_PKG_CONFIG_PATH_set=
ac_cv_env_PKG_CONFIG_PATH_value=
ac_cv_env_PKG_CONFIG_set=
ac_cv_env_PKG_CONFIG_value=
ac_cv_env_PYTHON_set=
ac_cv_env_PYTHON_value=
ac_cv_env_build_alias_set=
ac_cv_env_build_alias_value=
ac_cv_env_host_alias_set=
ac_cv_env_host_alias_value=
ac_cv_env_target_alias_set=
ac_cv_env_target_alias_value=
ac_cv_func_timegm=yes
ac_cv_header_dlfcn_h=yes
ac_cv_header_inttypes_h=yes
ac_cv_header_memory_h=yes
ac_cv_header_stdc=yes
ac_cv_header_stdint_h=yes
ac_cv_header_stdlib_h=yes
ac_cv_header_string_h=yes
ac_cv_header_strings_h=yes
ac_cv_header_sys_stat_h=yes
ac_cv_header_sys_types_h=yes
ac_cv_header_unistd_h=yes
ac_cv_host=x86_64-pc-linux-gnu
ac_cv_objext=o
ac_cv_path_EGREP='/usr/bin/grep -E'
ac_cv_path_FGREP='/usr/bin/grep -F'
ac_cv_path_GREP=/usr/bin/grep
ac_cv_path_PKG_CONFIG_INSTALLED=/usr/bin/pkg-config
ac_cv_path_SED=/usr/bin/sed
ac_cv_path_ac_pt_PKG_CONFIG=/usr/bin/pkg-config
ac_cv_path_install='/usr/bin/install -c'
ac_cv_path_lt_DD=/usr/bin/dd
ac_cv_path_mkdir=/usr/bin/mkdir
ac_cv_prog_AWK=mawk
ac_cv_prog_CPP='gcc -E'
ac_cv_prog_ac_ct_AR=ar
ac_cv_prog_ac_ct_CC=gcc
ac_cv_prog_ac_ct_MANIFEST_TOOL=mt
ac_cv_prog_ac_ct_OBJDUMP=objdump
ac_cv_prog_ac_ct_RANLIB=ranlib
ac_cv_prog_ac_ct_STRIP=strip
ac_cv_prog_cc_c89=
ac_cv_prog_cc_g=yes
ac_cv_prog_make_make_set=yes
ac_cv_search_sctp_send=-lsctp
am_cv_CC_dependencies_compiler_type=gcc3
am_cv_make_support_nested_variables=yes
am_cv_prog_cc_c_o=yes
lt_cv_ar_at_file=@
lt_cv_archive_cmds_need_lc=no
lt_cv_deplibs_check_method=pass_all
lt_cv_file_magic_cmd='$MAGIC_CMD'
lt_cv_file_magic_test_file=
lt_cv_ld_reload_flag=-r
lt_cv_nm_interface='BSD nm'
lt_cv_objdir=.libs
lt_cv_path_LD=/usr/bin/ld
lt_cv_path_NM='/usr/bin/nm -B'
lt_cv_path_mainfest_tool=no
lt_cv_prog_compiler_c_o=yes
lt_cv_prog_compiler_pic='-fPIC -DPIC'
lt_cv_prog_compiler_pic_works=yes
lt_cv_prog_compiler_rtti_exceptions=no
lt_cv_prog_compiler_static_works=yes
lt_cv_prog_gnu_ld=yes
lt_cv_sharedlib_from_linklib_cmd='printf %s\n'
lt_cv_shlibpath_overrides_runpath=yes
lt_cv_sys_global_symbol_pipe='sed -n -e '\''s/^.*[	 ]\([ABCDGIRSTW][ABCDGIRSTW]*\)[	 ][	 ]*\([_A-Za-z][_A-Za-z0-9]*\)$/\1 \2 \2/p'\'' | sed '\''/ __gnu_lto/d'\'''
lt_cv_sys_global_symbol_to_c_name_address='sed -n -e '\''s/^: \(.*\) .*$/  {"\1", (void *) 0},/p'\'' -e '\''s/^[ABCDGIRSTW][ABCDGIRSTW]* .* \(.*\)$/  {"\1", (void *) \&\1},/p'\'''
lt_cv_sys_global_symbol_to_c_name_address_lib_prefix='sed -n -e '\''s/^: \(.*\) .*$/  {"\1", (void *) 0},/p'\'' -e '\''s/^[ABCDGIRSTW][ABCDGIRSTW]* .* \(lib.*\)$/  {"\1", (void *) \&\1},/p'\'' -e '\''s/^[ABCDGIRSTW][ABCDGIRSTW]* .* \(.*\)$/  {"lib\1", (void *) \&\1},/p'\'''
lt_cv_sys_global_symbol_to_cdecl='sed -n -e '\''s/^T .* \(.*\)$/extern int \1();/p'\'' -e '\''s/^[ABCDGIRSTW][ABCDGIRSTW]* .* \(.*\)$/extern char \1;/p'\'''
lt_cv_sys_global_symbol_to_import=
lt_cv_sys_max_cmd_len=1572864
lt_cv_to_host_file_cmd=func_convert_file_noop
lt_cv_to_tool_file_cmd=func_convert_file_noop
lt_cv_truncate_bin='/usr/bin/dd bs=4096 count=1'
osmo_cv_tm_includes_tm_gmtoff=yes
pkg_cv_LIBASN1C_CFLAGS='-I/usr/include/ -I/usr/include/asn1c'
pkg_cv_LIBASN1C_LIBS='-ltalloc -lasn1c'
pkg_cv_LIBOSMOABIS_CFLAGS='-pthread -I/usr/include/'
pkg_cv_LIBOSMOABIS_LIBS='-losmoabis -losmocore -ltalloc -lmnl'
pkg_cv_LIBOSMOCORE_CFLAGS='-pthread -I/usr/include/'
pkg_cv_LIBOSMOCORE_LIBS='-losmocore -ltalloc -lmnl'
pkg_cv_LIBOSMOCTRL_CFLAGS='-pthread -I/usr/include/'
pkg_cv_LIBOSMOCTRL_LIBS='-losmoctrl -losmogsm -losmoisdn -losmocore -ltalloc -lmnl'
pkg_cv_LIBOSMOGSM_CFLAGS='-pthread -I/usr/include/'
pkg_cv_LIBOSMOGSM_LIBS='-losmogsm -losmoisdn -losmocore -ltalloc -lmnl'
pkg_cv_LIBOSMOGSUPCLIENT_CFLAGS=-I/usr/include/
pkg_cv_LIBOSMOGSUPCLIENT_LIBS=-losmo-gsup-client
pkg_cv_LIBOSMOMGCPCLIENT_CFLAGS=-I/usr/include/
pkg_cv_LIBOSMOMGCPCLIENT_LIBS=-losmo-mgcp-client
pkg_cv_LIBOSMONETIF_CFLAGS=-I/usr/include/
pkg_cv_LIBOSMONETIF_LIBS=-losmonetif
pkg_cv_LIBOSMORANAP_CFLAGS=-I/usr/include/
pkg_cv_LIBOSMORANAP_LIBS=-losmo-ranap
pkg_cv_LIBOSMOSCCP_CFLAGS=-I/usr/include/
pkg_cv_LIBOSMOSCCP_LIBS=-lsccp
pkg_cv_LIBOSMOSIGTRAN_CFLAGS=-I/usr/include/
pkg_cv_LIBOSMOSIGTRAN_LIBS=-losmo-sigtran
pkg_cv_LIBOSMOVTY_CFLAGS='-pthread -I/usr/include/'
pkg_cv_LIBOSMOVTY_LIBS='-losmovty -losmocore -ltalloc -lmnl'
pkg_cv_LIBSMPP34_CFLAGS=-I/usr/include/
pkg_cv_LIBSMPP34_LIBS=-lsmpp34
pkg_cv_LIBSQLITE3_CFLAGS=
pkg_cv_LIBSQLITE3_LIBS=-lsqlite3

## ----------------- ##
## Output variables. ##
## ----------------- ##

ACLOCAL='${SHELL} /home/lenz/2g/mybuilds/osmo-msc-1.11.1/missing aclocal-1.16'
AMDEPBACKSLASH='\'
AMDEP_FALSE='#'
AMDEP_TRUE=''
AMTAR='$${TAR-tar}'
AM_BACKSLASH='\'
AM_DEFAULT_V='$(AM_DEFAULT_VERBOSITY)'
AM_DEFAULT_VERBOSITY='0'
AM_V='$(V)'
AR='ar'
AUTOCONF='${SHELL} /home/lenz/2g/mybuilds/osmo-msc-1.11.1/missing autoconf'
AUTOHEADER='${SHELL} /home/lenz/2g/mybuilds/osmo-msc-1.11.1/missing autoheader'
AUTOMAKE='${SHELL} /home/lenz/2g/mybuilds/osmo-msc-1.11.1/missing automake-1.16'
AWK='mawk'
BUILD_IU_FALSE='#'
BUILD_IU_TRUE=''
BUILD_MANUALS_FALSE=''
BUILD_MANUALS_TRUE='#'
BUILD_SMPP_FALSE='#'
BUILD_SMPP_TRUE=''
CC='gcc'
CCDEPMODE='depmode=gcc3'
CFLAGS=' -std=gnu11'
COVERAGE_CFLAGS=''
COVERAGE_LDFLAGS=''
CPP='gcc -E'
CPPFLAGS=''
CYGPATH_W='echo'
DEFS='-DHAVE_CONFIG_H'
DEPDIR='.deps'
DLLTOOL='false'
DSYMUTIL=''
DUMPBIN=''
ECHO_C=''
ECHO_N='-n'
ECHO_T=''
EGREP='/usr/bin/grep -E'
ENABLE_EXT_TESTS_FALSE=''
ENABLE_EXT_TESTS_TRUE='#'
EXEEXT=''
FGREP='/usr/bin/grep -F'
GREP='/usr/bin/grep'
HAVE_LIBSCTP='1'
HAVE_SYSTEMD_FALSE='#'
HAVE_SYSTEMD_TRUE=''
INSTALL_DATA='${INSTALL} -m 644'
INSTALL_PROGRAM='${INSTALL}'
INSTALL_SCRIPT='${INSTALL}'
INSTALL_STRIP_PROGRAM='$(install_sh) -c -s'
LD='/usr/bin/ld -m elf_x86_64'
LDFLAGS=''
LIBASN1C_CFLAGS='-I/usr/include/ -I/usr/include/asn1c'
LIBASN1C_LIBS='-ltalloc -lasn1c'
LIBOBJS=''
LIBOSMOABIS_CFLAGS='-pthread -I/usr/include/'
LIBOSMOABIS_LIBS='-losmoabis -losmocore -ltalloc -lmnl'
LIBOSMOCORE_CFLAGS='-pthread -I/usr/include/'
LIBOSMOCORE_LIBS='-losmocore -ltalloc -lmnl'
LIBOSMOCTRL_CFLAGS='-pthread -I/usr/include/'
LIBOSMOCTRL_LIBS='-losmoctrl -losmogsm -losmoisdn -losmocore -ltalloc -lmnl'
LIBOSMOGSM_CFLAGS='-pthread -I/usr/include/'
LIBOSMOGSM_LIBS='-losmogsm -losmoisdn -losmocore -ltalloc -lmnl'
LIBOSMOGSUPCLIENT_CFLAGS='-I/usr/include/'
LIBOSMOGSUPCLIENT_LIBS='-losmo-gsup-client'
LIBOSMOMGCPCLIENT_CFLAGS='-I/usr/include/'
LIBOSMOMGCPCLIENT_LIBS='-losmo-mgcp-client'
LIBOSMONETIF_CFLAGS='-I/usr/include/'
LIBOSMONETIF_LIBS='-losmonetif'
LIBOSMORANAP_CFLAGS='-I/usr/include/'
LIBOSMORANAP_LIBS='-losmo-ranap'
LIBOSMOSCCP_CFLAGS='-I/usr/include/'
LIBOSMOSCCP_LIBS='-lsccp'
LIBOSMOSIGTRAN_CFLAGS='-I/usr/include/'
LIBOSMOSIGTRAN_LIBS='-losmo-sigtran'
LIBOSMOVTY_CFLAGS='-pthread -I/usr/include/'
LIBOSMOVTY_LIBS='-losmovty -losmocore -ltalloc -lmnl'
LIBS=''
LIBSCTP_LIBS='-lsctp'
LIBSMPP34_CFLAGS='-I/usr/include/'
LIBSMPP34_LIBS='-lsmpp34'
LIBSQLITE3_CFLAGS=''
LIBSQLITE3_LIBS='-lsqlite3'
LIBTOOL='$(SHELL) $(top_builddir)/libtool'
LIPO=''
LN_S='ln -s'
LTLIBOBJS=''
LT_SYS_LIBRARY_PATH=''
MAKEINFO='${SHELL} /home/lenz/2g/mybuilds/osmo-msc-1.11.1/missing makeinfo'
MANIFEST_TOOL=':'
MKDIR_P='/usr/bin/mkdir -p'
NM='/usr/bin/nm -B'
NMEDIT=''
OBJDUMP='objdump'
OBJEXT='o'
OSMOTESTEXT_CHECK=''
OSMO_GSM_MANUALS_DIR=''
OTOOL64=''
OTOOL=''
PACKAGE='osmo-msc'
PACKAGE_BUGREPORT='openbsc@lists.osmocom.org'
PACKAGE_NAME='osmo-msc'
PACKAGE_STRING='osmo-msc 1.11.1-dirty'
PACKAGE_TARNAME='osmo-msc'
PACKAGE_URL=''
PACKAGE_VERSION='1.11.1-dirty'
PATH_SEPARATOR=':'
PKG_CONFIG='/usr/bin/pkg-config'
PKG_CONFIG_INSTALLED='/usr/bin/pkg-config'
PKG_CONFIG_LIBDIR=''
PKG_CONFIG_PATH=''
PYTHON=''
PYTHON_EXEC_PREFIX=''
PYTHON_PLATFORM=''
PYTHON_PREFIX=''
PYTHON_VERSION=''
RANLIB='ranlib'
RELMAKE='-include osmo-release.mk'
SED='/usr/bin/sed'
SET_MAKE=''
SHELL='/bin/bash'
STRIP='strip'
VERSION='1.11.1-dirty'
ac_ct_AR='ar'
ac_ct_CC='gcc'
ac_ct_DUMPBIN=''
am__EXEEXT_FALSE=''
am__EXEEXT_TRUE='#'
am__fastdepCC_FALSE='#'
am__fastdepCC_TRUE=''
am__include='include'
am__isrc=''
am__leading_dot='.'
am__nodep='_no'
am__quote=''
am__tar='$${TAR-tar} chof - "$$tardir"'
am__untar='$${TAR-tar} xf -'
bindir='${exec_prefix}/bin'
build='x86_64-pc-linux-gnu'
build_alias=''
build_cpu='x86_64'
build_os='linux-gnu'
build_vendor='pc'
datadir='${datarootdir}'
datarootdir='${prefix}/share'
docdir='${datarootdir}/doc/${PACKAGE_TARNAME}'
dvidir='${docdir}'
exec_prefix='${prefix}'
host='x86_64-pc-linux-gnu'
host_alias=''
host_cpu='x86_64'
host_os='linux-gnu'
host_vendor='pc'
htmldir='${docdir}'
includedir='${prefix}/include'
infodir='${datarootdir}/info'
install_sh='${SHELL} /home/lenz/2g/mybuilds/osmo-msc-1.11.1/install-sh'
libdir='${exec_prefix}/lib'
libexecdir='${exec_prefix}/libexec'
localedir='${datarootdir}/locale'
localstatedir='${prefix}/var'
mandir='${datarootdir}/man'
mkdir_p='$(MKDIR_P)'
oldincludedir='/usr/include'
osmo_ac_build_smpp='yes'
osmo_ac_iu='yes'
pdfdir='${docdir}'
pkgpyexecdir=''
pkgpythondir=''
prefix='/usr/local'
program_transform_name='s,x,x,'
psdir='${docdir}'
pyexecdir=''
pythondir=''
runstatedir='${localstatedir}/run'
sbindir='${exec_prefix}/sbin'
sharedstatedir='${prefix}/com'
sysconfdir='${prefix}/etc'
systemdsystemunitdir='/lib/systemd/system'
target_alias=''

## ----------- ##
## confdefs.h. ##
## ----------- ##

/* confdefs.h */
#define PACKAGE_NAME "osmo-msc"
#define PACKAGE_TARNAME "osmo-msc"
#define PACKAGE_VERSION "1.11.1-dirty"
#define PACKAGE_STRING "osmo-msc 1.11.1-dirty"
#define PACKAGE_BUGREPORT "openbsc@lists.osmocom.org"
#define PACKAGE_URL ""
#define PACKAGE "osmo-msc"
#define VERSION "1.11.1-dirty"
#define STDC_HEADERS 1
#define HAVE_SYS_TYPES_H 1
#define HAVE_SYS_STAT_H 1
#define HAVE_STDLIB_H 1
#define HAVE_STRING_H 1
#define HAVE_MEMORY_H 1
#define HAVE_STRINGS_H 1
#define HAVE_INTTYPES_H 1
#define HAVE_STDINT_H 1
#define HAVE_UNISTD_H 1
#define HAVE_DLFCN_H 1
#define LT_OBJDIR ".libs/"
#define HAVE_TIMEGM 1
#define HAVE_LIBSCTP 1
#define BUILD_SMPP 1
#define BUILD_IU 1
#define HAVE_TM_GMTOFF_IN_TM 1

configure: exit 0
